ERROR: Repo /srv/hg/repos/private/vim-site does not exist
INFO: Writing hgrc for 'clients/cameo_tickets_php'
INFO: Writing hgrc for 'forks/hg'
INFO: Writing hgrc for 'private/slate_machine'
INFO: Writing hgrc for 'clients/maxwellness-rewards'
INFO: Writing hgrc for 'mongo_madness'
INFO: Writing hgrc for 'greenbox'
INFO: Writing hgrc for 'codemash_taste_of_cocoa'
INFO: Writing hgrc for 'build_scripts'
INFO: Writing hgrc for 'private/vim-site'
INFO: Writing hgrc for 'clients/finelli_site'
INFO: Writing hgrc for 'private/mcrute_blog_drafts'
INFO: Writing hgrc for 'clients/cameo_tickets_py'
INFO: Writing hgrc for 'milkman'
INFO: Writing hgrc for 'hudson_sc'
INFO: Writing hgrc for 'code_manager'
INFO: Writing hgrc for 'dev_urandom'
INFO: Writing hgrc for 'designer_site'
INFO: Writing hgrc for 'pyrobots'
INFO: Writing hgrc for 'svn_repolist'
INFO: Writing hgrc for 'code_golf'
INFO: Writing hgrc for 'firewall'
INFO: Writing hgrc for 'screen_hooks'
INFO: Writing hgrc for 'avolites_show_cleanup'
INFO: Writing hgrc for 'clients/chapman_site'
INFO: Writing hgrc for 'python_koans'
INFO: Writing hgrc for 'pydepgraph'
INFO: Writing hgrc for 'ventriloquist'
INFO: Writing hgrc for 'myturl_clients'
INFO: Writing hgrc for 'zine-patches'
INFO: Writing hgrc for 'kronos'
INFO: Writing hgrc for 'css_compressor'
INFO: Writing hgrc for 'clients/affordable_site'
INFO: Writing hgrc for 'mcrute_dotfiles'
INFO: Writing hgrc for 'codemash_iphone'
INFO: Writing hgrc for 'clients/brewbuster'
INFO: Writing hgrc for 'clients/cris_site'
INFO: Writing hgrc for 'cardigan'
INFO: Writing hgrc for 'ventriloquy'
INFO: Writing hgrc for 'conductor'
INFO: Writing hgrc for 'pyapache'
INFO: Writing hgrc for 'private/personal_wiki'
INFO: Writing hgrc for 'clients/cameo_website'
INFO: Writing hgrc for 'calendar_proxy'
INFO: Writing hgrc for 'pompom_configs'
INFO: Writing hgrc for 'opendmx_experiments'
INFO: Writing hgrc for 'wordpress_plugins'
INFO: Writing hgrc for 'nose_machineout'
INFO: Writing hgrc for 'awesomebar'
INFO: Writing hgrc for 'hg_sshsign'
INFO: Writing hgrc for 'code_mining'
INFO: Writing hgrc for 'snakeplan'
INFO: Writing hgrc for 'clepy_no_frameworks'
INFO: Writing hgrc for 'full_armor_site'
INFO: Writing hgrc for 'clients/sweet_dreams'
INFO: Writing hgrc for 'mike_crute_org'
INFO: Writing '/srv/hg/.ssh/authorized_keys'
INFO: Writing user 'Mike Crute <mcrute@gmail.com>'
INFO: Writing user 'Marc Weber <marco-oweber@gmx.de>'
INFO: Writing user 'Max Cantor <max@maxcantor.net>'
INFO: Writing hgrc for 'clients/cameo_tickets_php'
INFO: Writing hgrc for 'forks/hg'
INFO: Writing hgrc for 'private/slate_machine'
INFO: Writing hgrc for 'clients/maxwellness-rewards'
INFO: Writing hgrc for 'mongo_madness'
INFO: Writing hgrc for 'greenbox'
INFO: Writing hgrc for 'codemash_taste_of_cocoa'
INFO: Writing hgrc for 'build_scripts'
INFO: Writing hgrc for 'private/vim-site'
INFO: Writing hgrc for 'clients/finelli_site'
INFO: Writing hgrc for 'private/mcrute_blog_drafts'
INFO: Writing hgrc for 'clients/cameo_tickets_py'
INFO: Writing hgrc for 'milkman'
INFO: Writing hgrc for 'hudson_sc'
INFO: Writing hgrc for 'code_manager'
INFO: Writing hgrc for 'dev_urandom'
INFO: Writing hgrc for 'designer_site'
INFO: Writing hgrc for 'pyrobots'
INFO: Writing hgrc for 'svn_repolist'
INFO: Writing hgrc for 'code_golf'
INFO: Writing hgrc for 'firewall'
INFO: Writing hgrc for 'screen_hooks'
INFO: Writing hgrc for 'avolites_show_cleanup'
INFO: Writing hgrc for 'clients/chapman_site'
INFO: Writing hgrc for 'python_koans'
INFO: Writing hgrc for 'pydepgraph'
INFO: Writing hgrc for 'ventriloquist'
INFO: Writing hgrc for 'myturl_clients'
INFO: Writing hgrc for 'zine-patches'
INFO: Writing hgrc for 'kronos'
INFO: Writing hgrc for 'css_compressor'
INFO: Writing hgrc for 'clients/affordable_site'
INFO: Writing hgrc for 'mcrute_dotfiles'
INFO: Writing hgrc for 'codemash_iphone'
INFO: Writing hgrc for 'clients/brewbuster'
INFO: Writing hgrc for 'clients/cris_site'
INFO: Writing hgrc for 'cardigan'
INFO: Writing hgrc for 'ventriloquy'
INFO: Writing hgrc for 'conductor'
INFO: Writing hgrc for 'pyapache'
INFO: Writing hgrc for 'private/personal_wiki'
INFO: Writing hgrc for 'clients/cameo_website'
INFO: Writing hgrc for 'calendar_proxy'
INFO: Writing hgrc for 'pompom_configs'
INFO: Writing hgrc for 'opendmx_experiments'
INFO: Writing hgrc for 'wordpress_plugins'
INFO: Writing hgrc for 'nose_machineout'
INFO: Writing hgrc for 'awesomebar'
INFO: Writing hgrc for 'hg_sshsign'
INFO: Writing hgrc for 'code_mining'
INFO: Writing hgrc for 'snakeplan'
INFO: Writing hgrc for 'clepy_no_frameworks'
INFO: Writing hgrc for 'full_armor_site'
INFO: Writing hgrc for 'clients/sweet_dreams'
INFO: Writing hgrc for 'mike_crute_org'
INFO: Writing '/srv/hg/.ssh/authorized_keys'
INFO: Writing user 'Mike Crute <mcrute@gmail.com>'
INFO: Writing user 'Marc Weber <marco-oweber@gmx.de>'
INFO: Writing user 'Max Cantor <max@maxcantor.net>'
